<?xml version="1.0" encoding="UTF-8"?>
<!-- Generated by org.testng.reporters.JUnitXMLReporter -->
<testsuite ignored="0" hostname="DESKTOP-1K8FQ98" failures="0" tests="10" name="Surefire test" time="0.066" errors="0" timestamp="12 Jan. 2020 19:45:12 GMT">
  <testcase classname="com.testing.Testing1Test" name="f" time="0.001"/>
  <testcase classname="com.testing.Testing1Test" name="f" time="0.0"/>
  <testcase classname="com.testing.Testing1Test" name="test1" time="0.0"/>
  <testcase classname="com.testing.Testing1Test" name="test2" time="0.0"/>
  <testcase classname="com.testing.Testing1Test" name="test3" time="0.001"/>
  <testcase classname="com.testing.Testing2Test" name="test4" time="0.0"/>
  <testcase classname="com.testing.Testing2Test" name="test5" time="0.0"/>
  <testcase classname="com.testing.Testing3Test" name="hometest" time="0.003"/>
  <testcase classname="com.testing.Testing3Test" name="maintest" time="0.002"/>
  <testcase classname="com.testing.Testing3Test" name="endtest" time="0.001"/>
</testsuite> <!-- Surefire test -->
