<?xml version="1.0" encoding="UTF-8"?>
<!-- Generated by org.testng.reporters.JUnitXMLReporter -->
<testsuite ignored="0" hostname="DESKTOP-1K8FQ98" failures="0" tests="3" name="Default test" time="0.036" errors="0" timestamp="2020-01-12T11:25:40 EST">
  <testcase classname="com.testing.SeleniumExtentReport" name="@BeforeSuite beforeSuite" time="0.126">
    <failure type="java.lang.NullPointerException">
      <![CDATA[java.lang.NullPointerException
at com.relevantcodes.extentreports.Report.loadConfig(Report.java:480)
at com.relevantcodes.extentreports.ExtentReports.loadConfig(ExtentReports.java:481)
at com.testing.SeleniumExtentReport.beforeSuite(SeleniumExtentReport.java:40)
at java.base/jdk.internal.reflect.NativeMethodAccessorImpl.invoke0(Native Method)
at java.base/jdk.internal.reflect.NativeMethodAccessorImpl.invoke(NativeMethodAccessorImpl.java:62)
at java.base/jdk.internal.reflect.DelegatingMethodAccessorImpl.invoke(DelegatingMethodAccessorImpl.java:43)
at java.base/java.lang.reflect.Method.invoke(Method.java:567)
at org.testng.internal.MethodInvocationHelper.invokeMethod(MethodInvocationHelper.java:133)
at org.testng.internal.MethodInvocationHelper.invokeMethodConsideringTimeout(MethodInvocationHelper.java:62)
at org.testng.internal.ConfigInvoker.invokeConfigurationMethod(ConfigInvoker.java:340)
at org.testng.internal.ConfigInvoker.invokeConfigurations(ConfigInvoker.java:294)
at org.testng.SuiteRunner.privateRun(SuiteRunner.java:345)
at org.testng.SuiteRunner.run(SuiteRunner.java:304)
at org.testng.SuiteRunnerWorker.runSuite(SuiteRunnerWorker.java:53)
at org.testng.SuiteRunnerWorker.run(SuiteRunnerWorker.java:96)
at org.testng.TestNG.runSuitesSequentially(TestNG.java:1180)
at org.testng.TestNG.runSuitesLocally(TestNG.java:1102)
at org.testng.TestNG.runSuites(TestNG.java:1032)
at org.testng.TestNG.run(TestNG.java:1000)
at org.testng.remote.AbstractRemoteTestNG.run(AbstractRemoteTestNG.java:115)
at org.testng.remote.RemoteTestNG.initAndRun(RemoteTestNG.java:251)
at org.testng.remote.RemoteTestNG.main(RemoteTestNG.java:77)
]]>
    </failure>
  </testcase> <!-- @BeforeSuite beforeSuite -->
  <testcase classname="com.testing.SeleniumExtentReport" name="@BeforeClass beforeClass" time="-1.578846340487E9">
    <skipped/>
  </testcase> <!-- @BeforeClass beforeClass -->
  <testcase classname="com.testing.SeleniumExtentReport" name="@BeforeMethod beforeMethod" time="-1.578846340497E9">
    <skipped/>
  </testcase> <!-- @BeforeMethod beforeMethod -->
  <testcase classname="com.testing.SeleniumExtentReport" name="@AfterMethod getResult" time="-1.578846340502E9">
    <skipped/>
  </testcase> <!-- @AfterMethod getResult -->
  <testcase classname="com.testing.SeleniumExtentReport" name="@BeforeMethod beforeMethod" time="-1.578846340504E9">
    <skipped/>
  </testcase> <!-- @BeforeMethod beforeMethod -->
  <testcase classname="com.testing.SeleniumExtentReport" name="@AfterMethod getResult" time="-1.578846340507E9">
    <skipped/>
  </testcase> <!-- @AfterMethod getResult -->
  <testcase classname="com.testing.SeleniumExtentReport" name="@BeforeMethod beforeMethod" time="-1.578846340509E9">
    <skipped/>
  </testcase> <!-- @BeforeMethod beforeMethod -->
  <testcase classname="com.testing.SeleniumExtentReport" name="@AfterMethod getResult" time="-1.578846340511E9">
    <skipped/>
  </testcase> <!-- @AfterMethod getResult -->
  <testcase classname="com.testing.SeleniumExtentReport" name="failTest" time="0.0">
    <skipped/>
  </testcase> <!-- failTest -->
  <testcase classname="com.testing.SeleniumExtentReport" name="passTest" time="0.0">
    <skipped/>
  </testcase> <!-- passTest -->
  <testcase classname="com.testing.SeleniumExtentReport" name="skipTest" time="0.0">
    <skipped/>
  </testcase> <!-- skipTest -->
</testsuite> <!-- Default test -->
