<?xml version="1.0" encoding="UTF-8"?>
<testng-results ignored="0" total="10" passed="10" failed="0" skipped="0">
  <reporter-output>
  </reporter-output>
  <suite started-at="2020-01-12T19:45:12Z" name="Surefire suite" finished-at="2020-01-12T19:45:12Z" duration-ms="66">
    <groups>
      <group name="gopi">
        <method signature="Testing3Test.endtest()[pri:3, instance:com.testing.Testing3Test@16022d9d]" name="endtest" class="com.testing.Testing3Test"/>
      </group> <!-- gopi -->
      <group name="smoke">
        <method signature="Testing3Test.maintest()[pri:2, instance:com.testing.Testing3Test@16022d9d]" name="maintest" class="com.testing.Testing3Test"/>
      </group> <!-- smoke -->
      <group name="sanity">
        <method signature="Testing3Test.maintest()[pri:2, instance:com.testing.Testing3Test@16022d9d]" name="maintest" class="com.testing.Testing3Test"/>
      </group> <!-- sanity -->
    </groups>
    <test started-at="2020-01-12T19:45:12Z" name="Surefire test" finished-at="2020-01-12T19:45:12Z" duration-ms="66">
      <class name="com.testing.Testing3Test">
        <test-method signature="hometest()[pri:1, instance:com.testing.Testing3Test@16022d9d]" started-at="2020-01-12T19:45:12Z" name="hometest" finished-at="2020-01-12T19:45:12Z" duration-ms="3" status="PASS">
          <reporter-output>
          </reporter-output>
        </test-method> <!-- hometest -->
        <test-method signature="maintest()[pri:2, instance:com.testing.Testing3Test@16022d9d]" started-at="2020-01-12T19:45:12Z" name="maintest" finished-at="2020-01-12T19:45:12Z" depends-on-methods="com.testing.Testing3Test.hometest" duration-ms="2" status="PASS">
          <reporter-output>
          </reporter-output>
        </test-method> <!-- maintest -->
        <test-method signature="endtest()[pri:3, instance:com.testing.Testing3Test@16022d9d]" started-at="2020-01-12T19:45:12Z" name="endtest" finished-at="2020-01-12T19:45:12Z" depends-on-methods="com.testing.Testing3Test.maintest" duration-ms="1" status="PASS">
          <reporter-output>
          </reporter-output>
        </test-method> <!-- endtest -->
      </class> <!-- com.testing.Testing3Test -->
      <class name="com.testing.Testing1Test">
        <test-method is-config="true" signature="beforeSuite()[pri:0, instance:com.testing.Testing1Test@6d3af739]" started-at="2020-01-12T19:45:12Z" name="beforeSuite" finished-at="2020-01-12T19:45:12Z" duration-ms="25" status="PASS">
          <reporter-output>
          </reporter-output>
        </test-method> <!-- beforeSuite -->
        <test-method is-config="true" signature="beforeTest()[pri:0, instance:com.testing.Testing1Test@6d3af739]" started-at="2020-01-12T19:45:12Z" name="beforeTest" finished-at="2020-01-12T19:45:12Z" duration-ms="1" status="PASS">
          <reporter-output>
          </reporter-output>
        </test-method> <!-- beforeTest -->
        <test-method is-config="true" signature="beforeClass()[pri:0, instance:com.testing.Testing1Test@6d3af739]" started-at="2020-01-12T19:45:12Z" name="beforeClass" finished-at="2020-01-12T19:45:12Z" duration-ms="0" status="PASS">
          <reporter-output>
          </reporter-output>
        </test-method> <!-- beforeClass -->
        <test-method signature="f(java.lang.Integer, java.lang.String)[pri:0, instance:com.testing.Testing1Test@6d3af739]" started-at="2020-01-12T19:45:12Z" name="f" data-provider="dp" finished-at="2020-01-12T19:45:12Z" duration-ms="1" status="PASS">
          <params>
            <param index="0">
              <value>
                <![CDATA[1]]>
              </value>
            </param>
            <param index="1">
              <value>
                <![CDATA[a]]>
              </value>
            </param>
          </params>
          <reporter-output>
          </reporter-output>
        </test-method> <!-- f -->
        <test-method is-config="true" signature="beforeMethod()[pri:0, instance:com.testing.Testing1Test@6d3af739]" started-at="2020-01-12T19:45:12Z" name="beforeMethod" finished-at="2020-01-12T19:45:12Z" duration-ms="0" status="PASS">
          <reporter-output>
          </reporter-output>
        </test-method> <!-- beforeMethod -->
        <test-method is-config="true" signature="afterMethod()[pri:0, instance:com.testing.Testing1Test@6d3af739]" started-at="2020-01-12T19:45:12Z" name="afterMethod" finished-at="2020-01-12T19:45:12Z" duration-ms="0" status="PASS">
          <reporter-output>
          </reporter-output>
        </test-method> <!-- afterMethod -->
        <test-method is-config="true" signature="afterMethod()[pri:0, instance:com.testing.Testing1Test@6d3af739]" started-at="2020-01-12T19:45:12Z" name="afterMethod" finished-at="2020-01-12T19:45:12Z" duration-ms="1" status="PASS">
          <reporter-output>
          </reporter-output>
        </test-method> <!-- afterMethod -->
        <test-method signature="f(java.lang.Integer, java.lang.String)[pri:0, instance:com.testing.Testing1Test@6d3af739]" started-at="2020-01-12T19:45:12Z" name="f" data-provider="dp" finished-at="2020-01-12T19:45:12Z" duration-ms="0" status="PASS">
          <params>
            <param index="0">
              <value>
                <![CDATA[2]]>
              </value>
            </param>
            <param index="1">
              <value>
                <![CDATA[b]]>
              </value>
            </param>
          </params>
          <reporter-output>
          </reporter-output>
        </test-method> <!-- f -->
        <test-method is-config="true" signature="beforeMethod()[pri:0, instance:com.testing.Testing1Test@6d3af739]" started-at="2020-01-12T19:45:12Z" name="beforeMethod" finished-at="2020-01-12T19:45:12Z" duration-ms="0" status="PASS">
          <reporter-output>
          </reporter-output>
        </test-method> <!-- beforeMethod -->
        <test-method is-config="true" signature="beforeMethod()[pri:0, instance:com.testing.Testing1Test@6d3af739]" started-at="2020-01-12T19:45:12Z" name="beforeMethod" finished-at="2020-01-12T19:45:12Z" duration-ms="0" status="PASS">
          <reporter-output>
          </reporter-output>
        </test-method> <!-- beforeMethod -->
        <test-method signature="test1()[pri:0, instance:com.testing.Testing1Test@6d3af739]" started-at="2020-01-12T19:45:12Z" name="test1" finished-at="2020-01-12T19:45:12Z" duration-ms="0" status="PASS">
          <reporter-output>
          </reporter-output>
        </test-method> <!-- test1 -->
        <test-method is-config="true" signature="afterMethod()[pri:0, instance:com.testing.Testing1Test@6d3af739]" started-at="2020-01-12T19:45:12Z" name="afterMethod" finished-at="2020-01-12T19:45:12Z" duration-ms="0" status="PASS">
          <reporter-output>
          </reporter-output>
        </test-method> <!-- afterMethod -->
        <test-method is-config="true" signature="beforeMethod()[pri:0, instance:com.testing.Testing1Test@6d3af739]" started-at="2020-01-12T19:45:12Z" name="beforeMethod" finished-at="2020-01-12T19:45:12Z" duration-ms="0" status="PASS">
          <reporter-output>
          </reporter-output>
        </test-method> <!-- beforeMethod -->
        <test-method signature="test2()[pri:0, instance:com.testing.Testing1Test@6d3af739]" started-at="2020-01-12T19:45:12Z" name="test2" finished-at="2020-01-12T19:45:12Z" duration-ms="0" status="PASS">
          <reporter-output>
          </reporter-output>
        </test-method> <!-- test2 -->
        <test-method is-config="true" signature="afterMethod()[pri:0, instance:com.testing.Testing1Test@6d3af739]" started-at="2020-01-12T19:45:12Z" name="afterMethod" finished-at="2020-01-12T19:45:12Z" duration-ms="0" status="PASS">
          <reporter-output>
          </reporter-output>
        </test-method> <!-- afterMethod -->
        <test-method signature="test3()[pri:0, instance:com.testing.Testing1Test@6d3af739]" started-at="2020-01-12T19:45:12Z" name="test3" finished-at="2020-01-12T19:45:12Z" duration-ms="1" status="PASS">
          <reporter-output>
          </reporter-output>
        </test-method> <!-- test3 -->
        <test-method is-config="true" signature="beforeMethod()[pri:0, instance:com.testing.Testing1Test@6d3af739]" started-at="2020-01-12T19:45:12Z" name="beforeMethod" finished-at="2020-01-12T19:45:12Z" duration-ms="0" status="PASS">
          <reporter-output>
          </reporter-output>
        </test-method> <!-- beforeMethod -->
        <test-method is-config="true" signature="afterMethod()[pri:0, instance:com.testing.Testing1Test@6d3af739]" started-at="2020-01-12T19:45:12Z" name="afterMethod" finished-at="2020-01-12T19:45:12Z" duration-ms="0" status="PASS">
          <reporter-output>
          </reporter-output>
        </test-method> <!-- afterMethod -->
        <test-method is-config="true" signature="afterClass()[pri:0, instance:com.testing.Testing1Test@6d3af739]" started-at="2020-01-12T19:45:12Z" name="afterClass" finished-at="2020-01-12T19:45:12Z" duration-ms="0" status="PASS">
          <reporter-output>
          </reporter-output>
        </test-method> <!-- afterClass -->
        <test-method is-config="true" signature="afterTest()[pri:0, instance:com.testing.Testing1Test@6d3af739]" started-at="2020-01-12T19:45:12Z" name="afterTest" finished-at="2020-01-12T19:45:12Z" duration-ms="0" status="PASS">
          <reporter-output>
          </reporter-output>
        </test-method> <!-- afterTest -->
        <test-method is-config="true" signature="afterSuite()[pri:0, instance:com.testing.Testing1Test@6d3af739]" started-at="2020-01-12T19:45:12Z" name="afterSuite" finished-at="2020-01-12T19:45:12Z" duration-ms="1" status="PASS">
          <reporter-output>
          </reporter-output>
        </test-method> <!-- afterSuite -->
      </class> <!-- com.testing.Testing1Test -->
      <class name="com.testing.Testing2Test">
        <test-method signature="test4()[pri:0, instance:com.testing.Testing2Test@1da51a35]" started-at="2020-01-12T19:45:12Z" name="test4" finished-at="2020-01-12T19:45:12Z" duration-ms="0" status="PASS">
          <reporter-output>
          </reporter-output>
        </test-method> <!-- test4 -->
        <test-method signature="test5()[pri:0, instance:com.testing.Testing2Test@1da51a35]" started-at="2020-01-12T19:45:12Z" name="test5" finished-at="2020-01-12T19:45:12Z" duration-ms="0" status="PASS">
          <reporter-output>
          </reporter-output>
        </test-method> <!-- test5 -->
      </class> <!-- com.testing.Testing2Test -->
    </test> <!-- Surefire test -->
  </suite> <!-- Surefire suite -->
</testng-results>
